{
  "RSpec": {
    "coverage": {
      "/home/florian/Documents/THPNext/Groupe/THPNext-ECommerce/app/controllers/carts_controller.rb": [
        null,
        null,
        1,
        1,
        1,
        null,
        1,
        null,
        1,
        3,
        3,
        null,
        3,
        1,
        null,
        2,
        2,
        2,
        2,
        null,
        null,
        null,
        1,
        1,
        1,
        null,
        null,
        1,
        null,
        1,
        5,
        5,
        null,
        null
      ],
      "/home/florian/Documents/THPNext/Groupe/THPNext-ECommerce/app/controllers/application_controller.rb": [
        null,
        null,
        1,
        null
      ],
      "/home/florian/Documents/THPNext/Groupe/THPNext-ECommerce/spec/controllers/charges_controller_spec.rb": [
        null,
        null,
        1,
        null,
        1,
        1,
        null
      ],
      "/home/florian/Documents/THPNext/Groupe/THPNext-ECommerce/app/controllers/charges_controller.rb": [
        null,
        null,
        1,
        1,
        null,
        1,
        null,
        0,
        null,
        0,
        null,
        null,
        null,
        null,
        0,
        null,
        null,
        null,
        null,
        null,
        null,
        0,
        0,
        null,
        null
      ],
      "/home/florian/Documents/THPNext/Groupe/THPNext-ECommerce/spec/controllers/items_controller_spec.rb": [
        null,
        null,
        1,
        null,
        1,
        1,
        1,
        1,
        1,
        null,
        null,
        null,
        1,
        1,
        1,
        null,
        1,
        1,
        null,
        null,
        null,
        1,
        2,
        null,
        null
      ],
      "/home/florian/Documents/THPNext/Groupe/THPNext-ECommerce/app/controllers/items_controller.rb": [
        null,
        null,
        1,
        1,
        1,
        null,
        null,
        1,
        1,
        null,
        null
      ],
      "/home/florian/Documents/THPNext/Groupe/THPNext-ECommerce/spec/factories_spec.rb": [
        null,
        null,
        1,
        null,
        1,
        1,
        13,
        13,
        13,
        null,
        null,
        null,
        null
      ],
      "/home/florian/Documents/THPNext/Groupe/THPNext-ECommerce/spec/models/admin_spec.rb": [
        null,
        null,
        null,
        null,
        null,
        null,
        null,
        null,
        null,
        null,
        null,
        null,
        null,
        null,
        null,
        null,
        null,
        null,
        null,
        1,
        null,
        1,
        1,
        13,
        null,
        1,
        2,
        2,
        2,
        2,
        2,
        2,
        2,
        2,
        2,
        2,
        2,
        null,
        null,
        1,
        2,
        null,
        null,
        null
      ],
      "/home/florian/Documents/THPNext/Groupe/THPNext-ECommerce/spec/models/cart_spec.rb": [
        null,
        null,
        null,
        null,
        null,
        null,
        null,
        null,
        null,
        null,
        null,
        null,
        null,
        null,
        1,
        null,
        1,
        1,
        9,
        null,
        1,
        2,
        2,
        2,
        2,
        2,
        2,
        null,
        null,
        1,
        2,
        2,
        null,
        null,
        null
      ],
      "/home/florian/Documents/THPNext/Groupe/THPNext-ECommerce/app/models/cart.rb": [
        null,
        null,
        null,
        null,
        null,
        null,
        null,
        null,
        null,
        null,
        null,
        null,
        null,
        null,
        1,
        1,
        1,
        null
      ],
      "/home/florian/Documents/THPNext/Groupe/THPNext-ECommerce/spec/models/category_spec.rb": [
        null,
        null,
        null,
        null,
        null,
        null,
        null,
        null,
        null,
        null,
        null,
        null,
        null,
        1,
        null,
        1,
        1,
        6,
        null,
        2,
        2,
        2,
        2,
        2,
        null,
        null,
        1,
        2,
        2,
        null,
        null
      ],
      "/home/florian/Documents/THPNext/Groupe/THPNext-ECommerce/app/models/category.rb": [
        null,
        null,
        null,
        null,
        null,
        null,
        null,
        null,
        null,
        null,
        null,
        null,
        null,
        1,
        1,
        1,
        null
      ],
      "/home/florian/Documents/THPNext/Groupe/THPNext-ECommerce/spec/models/item_category_spec.rb": [
        null,
        null,
        null,
        null,
        null,
        null,
        null,
        null,
        null,
        null,
        null,
        null,
        null,
        1,
        null,
        1,
        1,
        6,
        null,
        2,
        2,
        2,
        2,
        2,
        null,
        null,
        1,
        2,
        2,
        null,
        null
      ],
      "/home/florian/Documents/THPNext/Groupe/THPNext-ECommerce/app/models/item_category.rb": [
        null,
        null,
        null,
        null,
        null,
        null,
        null,
        null,
        null,
        null,
        null,
        null,
        null,
        1,
        1,
        1,
        null
      ],
      "/home/florian/Documents/THPNext/Groupe/THPNext-ECommerce/spec/models/item_spec.rb": [
        null,
        null,
        null,
        null,
        null,
        null,
        null,
        null,
        null,
        null,
        null,
        null,
        null,
        null,
        null,
        null,
        null,
        null,
        1,
        null,
        1,
        1,
        11,
        null,
        2,
        2,
        2,
        2,
        2,
        2,
        2,
        2,
        2,
        2,
        null,
        null,
        1,
        2,
        2,
        2,
        2,
        2,
        null,
        null
      ],
      "/home/florian/Documents/THPNext/Groupe/THPNext-ECommerce/app/models/item.rb": [
        null,
        null,
        null,
        null,
        null,
        null,
        null,
        null,
        null,
        null,
        null,
        null,
        null,
        null,
        null,
        null,
        null,
        null,
        1,
        1,
        1,
        1,
        1,
        1,
        null
      ],
      "/home/florian/Documents/THPNext/Groupe/THPNext-ECommerce/spec/models/item_wishlist_spec.rb": [
        null,
        null,
        null,
        null,
        null,
        null,
        null,
        null,
        null,
        null,
        null,
        null,
        null,
        1,
        null,
        1,
        1,
        6,
        null,
        2,
        2,
        2,
        2,
        2,
        null,
        null,
        1,
        2,
        2,
        null,
        null
      ],
      "/home/florian/Documents/THPNext/Groupe/THPNext-ECommerce/app/models/item_wishlist.rb": [
        null,
        null,
        null,
        null,
        null,
        null,
        null,
        null,
        null,
        null,
        null,
        null,
        null,
        1,
        1,
        1,
        null
      ],
      "/home/florian/Documents/THPNext/Groupe/THPNext-ECommerce/spec/models/profile_spec.rb": [
        null,
        null,
        null,
        null,
        null,
        null,
        null,
        null,
        null,
        null,
        null,
        null,
        null,
        null,
        null,
        null,
        null,
        null,
        null,
        null,
        null,
        null,
        1,
        null,
        1,
        1,
        13,
        null,
        2,
        2,
        2,
        2,
        2,
        2,
        2,
        2,
        2,
        2,
        2,
        2,
        null,
        null,
        1,
        2,
        2,
        null,
        null
      ],
      "/home/florian/Documents/THPNext/Groupe/THPNext-ECommerce/app/models/profile.rb": [
        null,
        null,
        null,
        null,
        null,
        null,
        null,
        null,
        null,
        null,
        null,
        null,
        null,
        null,
        null,
        null,
        null,
        null,
        null,
        null,
        null,
        null,
        1,
        1,
        1,
        null
      ],
      "/home/florian/Documents/THPNext/Groupe/THPNext-ECommerce/spec/models/user_spec.rb": [
        null,
        null,
        null,
        null,
        null,
        null,
        null,
        null,
        null,
        null,
        null,
        null,
        null,
        null,
        null,
        null,
        null,
        null,
        null,
        1,
        null,
        1,
        1,
        16,
        null,
        1,
        2,
        2,
        2,
        2,
        2,
        2,
        2,
        2,
        2,
        2,
        2,
        null,
        null,
        1,
        2,
        2,
        2,
        2,
        null,
        null,
        null
      ],
      "/home/florian/Documents/THPNext/Groupe/THPNext-ECommerce/spec/models/wishlist_spec.rb": [
        null,
        null,
        null,
        null,
        null,
        null,
        null,
        null,
        null,
        null,
        null,
        null,
        1,
        null,
        1,
        1,
        4,
        null,
        2,
        2,
        2,
        null,
        null,
        1,
        2,
        2,
        null,
        null
      ],
      "/home/florian/Documents/THPNext/Groupe/THPNext-ECommerce/app/models/wishlist.rb": [
        null,
        null,
        null,
        null,
        null,
        null,
        null,
        null,
        null,
        null,
        null,
        null,
        1,
        1,
        1,
        1,
        1,
        null
      ],
      "/home/florian/Documents/THPNext/Groupe/THPNext-ECommerce/spec/views/cart/create.html.erb_spec.rb": [
        null,
        null,
        1,
        null,
        1,
        1,
        null
      ],
      "/home/florian/Documents/THPNext/Groupe/THPNext-ECommerce/spec/views/cart/destroy.html.erb_spec.rb": [
        null,
        null,
        1,
        null,
        1,
        1,
        null
      ],
      "/home/florian/Documents/THPNext/Groupe/THPNext-ECommerce/spec/views/cart/edit.html.erb_spec.rb": [
        null,
        null,
        1,
        null,
        1,
        1,
        null
      ],
      "/home/florian/Documents/THPNext/Groupe/THPNext-ECommerce/spec/views/cart/index.html.erb_spec.rb": [
        null,
        null,
        1,
        null,
        1,
        1,
        null
      ],
      "/home/florian/Documents/THPNext/Groupe/THPNext-ECommerce/spec/views/cart/new.html.erb_spec.rb": [
        null,
        null,
        1,
        null,
        1,
        1,
        null
      ],
      "/home/florian/Documents/THPNext/Groupe/THPNext-ECommerce/spec/views/cart/show.html.erb_spec.rb": [
        null,
        null,
        1,
        null,
        1,
        1,
        null
      ],
      "/home/florian/Documents/THPNext/Groupe/THPNext-ECommerce/spec/views/cart/update.html.erb_spec.rb": [
        null,
        null,
        1,
        null,
        1,
        1,
        null
      ],
      "/home/florian/Documents/THPNext/Groupe/THPNext-ECommerce/spec/views/carts/create.html.erb_spec.rb": [
        null,
        null,
        1,
        null,
        1,
        1,
        null
      ],
      "/home/florian/Documents/THPNext/Groupe/THPNext-ECommerce/spec/views/carts/destroy.html.erb_spec.rb": [
        null,
        null,
        1,
        null,
        1,
        1,
        null
      ],
      "/home/florian/Documents/THPNext/Groupe/THPNext-ECommerce/spec/views/carts/edit.html.erb_spec.rb": [
        null,
        null,
        1,
        null,
        1,
        1,
        null
      ],
      "/home/florian/Documents/THPNext/Groupe/THPNext-ECommerce/spec/views/carts/index.html.erb_spec.rb": [
        null,
        null,
        1,
        null,
        1,
        1,
        null
      ],
      "/home/florian/Documents/THPNext/Groupe/THPNext-ECommerce/spec/views/carts/show.html.erb_spec.rb": [
        null,
        null,
        1,
        null,
        1,
        1,
        null
      ],
      "/home/florian/Documents/THPNext/Groupe/THPNext-ECommerce/spec/views/carts/update.html.erb_spec.rb": [
        null,
        null,
        1,
        null,
        1,
        1,
        null
      ],
      "/home/florian/Documents/THPNext/Groupe/THPNext-ECommerce/spec/views/items/index.html.erb_spec.rb": [
        null,
        null,
        1,
        null,
        null,
        null,
        null
      ],
      "/home/florian/Documents/THPNext/Groupe/THPNext-ECommerce/spec/views/items/show.html.erb_spec.rb": [
        null,
        null,
        1,
        null,
        null,
        null,
        null
      ]
    },
    "timestamp": 1548938939
  }
}
